{"numFailedTestSuites":0,"numFailedTests":0,"numPassedTestSuites":1,"numPassedTests":13,"numPendingTestSuites":0,"numPendingTests":6,"numRuntimeErrorTestSuites":0,"numTodoTests":0,"numTotalTestSuites":1,"numTotalTests":19,"openHandles":[],"snapshot":{"added":0,"didUpdate":false,"failure":false,"filesAdded":0,"filesRemoved":0,"filesRemovedList":[],"filesUnmatched":0,"filesUpdated":0,"matched":0,"total":0,"unchecked":0,"uncheckedKeysByFile":[],"unmatched":0,"updated":0},"startTime":1628674337387,"success":true,"testResults":[{"assertionResults":[{"ancestorTitles":["Bare minimum requirement","App.js Sidebar 컴포넌트"],"failureMessages":[],"fullName":"Bare minimum requirement App.js Sidebar 컴포넌트 App 컴포넌트의 후손 컴포넌트로 Sidebar 컴포넌트가 있어야 합니다.","location":null,"status":"passed","title":"App 컴포넌트의 후손 컴포넌트로 Sidebar 컴포넌트가 있어야 합니다."},{"ancestorTitles":["Bare minimum requirement","App.js Sidebar 컴포넌트"],"failureMessages":[],"fullName":"Bare minimum requirement App.js Sidebar 컴포넌트 Font Awesome을 활용한 트윗 메세지 아이콘이 있어야 합니다. (className : \".far .fa-comment-dots\")","location":null,"status":"passed","title":"Font Awesome을 활용한 트윗 메세지 아이콘이 있어야 합니다. (className : \".far .fa-comment-dots\")"},{"ancestorTitles":["Bare minimum requirement","App.js Counter 컴포넌트"],"failureMessages":[],"fullName":"Bare minimum requirement App.js Counter 컴포넌트 Feature 컴포넌트의 후손 컴포넌트로 Counter 컴포넌트가 있어야 합니다.","location":null,"status":"passed","title":"Feature 컴포넌트의 후손 컴포넌트로 Counter 컴포넌트가 있어야 합니다."},{"ancestorTitles":["Bare minimum requirement","App.js Counter 컴포넌트"],"failureMessages":[],"fullName":"Bare minimum requirement App.js Counter 컴포넌트 `dummyTweet`로 전달되는 트윗 갯수와 카운트가 일치해야 합니다.","location":null,"status":"passed","title":"`dummyTweet`로 전달되는 트윗 갯수와 카운트가 일치해야 합니다."},{"ancestorTitles":["Bare minimum requirement","App.js Footer 컴포넌트"],"failureMessages":[],"fullName":"Bare minimum requirement App.js Footer 컴포넌트 Features 컴포넌트의 후손 컴포넌트로 Footer 컴포넌트가 있어야 합니다.","location":null,"status":"passed","title":"Features 컴포넌트의 후손 컴포넌트로 Footer 컴포넌트가 있어야 합니다."},{"ancestorTitles":["Bare minimum requirement","App.js Footer 컴포넌트"],"failureMessages":[],"fullName":"Bare minimum requirement App.js Footer 컴포넌트 Footer 컴포넌트의 후손 엘리먼트로 시멘틱 엘리먼트 footer가 있어야 합니다.","location":null,"status":"passed","title":"Footer 컴포넌트의 후손 엘리먼트로 시멘틱 엘리먼트 footer가 있어야 합니다."},{"ancestorTitles":["Bare minimum requirement","App.js Tweets 컴포넌트","각 트윗은"],"failureMessages":[],"fullName":"Bare minimum requirement App.js Tweets 컴포넌트 각 트윗은 트윗 저자의 프로필 사진이 있어야 합니다.","location":null,"status":"passed","title":"트윗 저자의 프로필 사진이 있어야 합니다."},{"ancestorTitles":["Bare minimum requirement","App.js Tweets 컴포넌트","각 트윗은"],"failureMessages":[],"fullName":"Bare minimum requirement App.js Tweets 컴포넌트 각 트윗은 유져 이름이 있어야 합니다.","location":null,"status":"passed","title":"유져 이름이 있어야 합니다."},{"ancestorTitles":["Bare minimum requirement","App.js Tweets 컴포넌트","각 트윗은"],"failureMessages":[],"fullName":"Bare minimum requirement App.js Tweets 컴포넌트 각 트윗은 트윗 생성 일자(yyyy. mm. dd.) 가 있어야 합니다.","location":null,"status":"passed","title":"트윗 생성 일자(yyyy. mm. dd.) 가 있어야 합니다."},{"ancestorTitles":["Bare minimum requirement","App.js Tweets 컴포넌트","각 트윗은"],"failureMessages":[],"fullName":"Bare minimum requirement App.js Tweets 컴포넌트 각 트윗은 트윗 메세지가 있어야 합니다.","location":null,"status":"passed","title":"트윗 메세지가 있어야 합니다."},{"ancestorTitles":["Bare minimum requirement","App.js Tweets 컴포넌트","각 트윗은"],"failureMessages":[],"fullName":"Bare minimum requirement App.js Tweets 컴포넌트 각 트윗은 dummyTweets의 길이 만큼 트윗이 보여야 합니다.","location":null,"status":"passed","title":"dummyTweets의 길이 만큼 트윗이 보여야 합니다."},{"ancestorTitles":["Bare minimum requirement","App.js Feautres 컴포넌트"],"failureMessages":[],"fullName":"Bare minimum requirement App.js Feautres 컴포넌트 App 컴포넌트의 후손 컴포넌트로 Features 컴포넌트가 있어야 합니다.","location":null,"status":"passed","title":"App 컴포넌트의 후손 컴포넌트로 Features 컴포넌트가 있어야 합니다."},{"ancestorTitles":["Bare minimum requirement","App.js 조건부 렌더링 테스트","parkhacker가 작성한 트윗의 경우"],"failureMessages":[],"fullName":"Bare minimum requirement App.js 조건부 렌더링 테스트 parkhacker가 작성한 트윗의 경우 username 배경색이 var(--point-color-tint-2)가 되도록 클래스(.tweet__username--purple)를 지정해야 합니다.","location":null,"status":"passed","title":"username 배경색이 var(--point-color-tint-2)가 되도록 클래스(.tweet__username--purple)를 지정해야 합니다."},{"ancestorTitles":["Advanced Challenge"],"failureMessages":[],"fullName":"Advanced Challenge Font Awesome을 npm으로 설치해야 합니다. (@fortawesome/react-fontawesome)","location":null,"status":"pending","title":"Font Awesome을 npm으로 설치해야 합니다. (@fortawesome/react-fontawesome)"},{"ancestorTitles":["Advanced Challenge","App.js Notification","App.js Notification Icon"],"failureMessages":[],"fullName":"Advanced Challenge App.js Notification App.js Notification Icon Font Awesome을 활용한 알림 아이콘이 있어야 합니다.","location":null,"status":"pending","title":"Font Awesome을 활용한 알림 아이콘이 있어야 합니다."},{"ancestorTitles":["Advanced Challenge","App.js Notifications"],"failureMessages":[],"fullName":"Advanced Challenge App.js Notifications 알림 아이콘을 클릭하면 알림이 보여야 합니다.","location":null,"status":"pending","title":"알림 아이콘을 클릭하면 알림이 보여야 합니다."},{"ancestorTitles":["Advanced Challenge","App.js Notifications"],"failureMessages":[],"fullName":"Advanced Challenge App.js Notifications 알림 아이콘을 클릭하고, 트윗 아이콘을 클릭하면 다시 트윗을 보여줘야 합니다.","location":null,"status":"pending","title":"알림 아이콘을 클릭하고, 트윗 아이콘을 클릭하면 다시 트윗을 보여줘야 합니다."},{"ancestorTitles":["Advanced Challenge","App.js Notifications","notifications 데이터 렌더링 테스트","알림 한 개가 주어진 경우"],"failureMessages":[],"fullName":"Advanced Challenge App.js Notifications notifications 데이터 렌더링 테스트 알림 한 개가 주어진 경우 하나의 알림이 보여야 합니다.","location":null,"status":"pending","title":"하나의 알림이 보여야 합니다."},{"ancestorTitles":["Advanced Challenge","App.js Notifications","notifications 데이터 렌더링 테스트","알림 세 개가 주어진 경우"],"failureMessages":[],"fullName":"Advanced Challenge App.js Notifications notifications 데이터 렌더링 테스트 알림 세 개가 주어진 경우 세 개의 알림이 보여야 합니다.","location":null,"status":"pending","title":"세 개의 알림이 보여야 합니다."}],"endTime":1628674339834,"message":"","name":"/home/jae/Desktop/im-sprint-react-twittler-intro-master/src/__tests__/App.test.js","startTime":1628674338147,"status":"passed","summary":""}],"wasInterrupted":false}